<?xml version="1.0" encoding="UTF-8"?>
<!-- Generated by org.testng.reporters.JUnitReportReporter -->
<testsuite hostname="GK" failures="0" tests="3" name="DynamicJson" time="10.905" errors="0" timestamp="2024-04-14T18:45:09 IST" skipped="0">
  <testcase classname="DynamicJson" name="addBook" time="0.739"/>
  <system-out/>
  <testcase classname="DynamicJson" name="addBook" time="9.126"/>
  <system-out/>
  <testcase classname="DynamicJson" name="addBook" time="1.040"/>
  <system-out/>
</testsuite> <!-- DynamicJson -->
